make all --print-data-base --no-builtin-variables --no-builtin-rules --question
make: *** No rule to make target 'all'.  Stop.

# GNU Make 4.3
# Built for x86_64-pc-linux-gnu
# Copyright (C) 1988-2020 Free Software Foundation, Inc.
# License GPLv3+: GNU GPL version 3 or later <http://gnu.org/licenses/gpl.html>
# This is free software: you are free to change and redistribute it.
# There is NO WARRANTY, to the extent permitted by law.

# Make data base, printed on Wed Sep 24 16:30:09 2025

# Variables

# environment
GDK_BACKEND = x11
# environment
MEMORY_PRESSURE_WRITE = c29tZSAyMDAwMDAgMjAwMDAwMAA=
# environment
LC_ALL = C
# environment
GNOME_SHELL_SESSION_MODE = ubuntu
# environment
FONTCONFIG_PATH = /etc/fonts
# environment
AMENT_PREFIX_PATH = /opt/ros/jazzy
# environment
CMAKE_PREFIX_PATH = /usr/local/libtorch:/opt/unitree_robotics:/opt/ros/jazzy/opt/gz_sim_vendor:/opt/ros/jazzy/opt/gz_sensors_vendor:/opt/ros/jazzy/opt/gz_physics_vendor:/opt/ros/jazzy/opt/sdformat_vendor:/opt/ros/jazzy/opt/gz_gui_vendor:/opt/ros/jazzy/opt/gz_transport_vendor:/opt/ros/jazzy/opt/gz_rendering_vendor:/opt/ros/jazzy/opt/gz_plugin_vendor:/opt/ros/jazzy/opt/gz_fuel_tools_vendor:/opt/ros/jazzy/opt/gz_msgs_vendor:/opt/ros/jazzy/opt/gz_common_vendor:/opt/ros/jazzy/opt/gz_math_vendor:/opt/ros/jazzy/opt/gz_utils_vendor:/opt/ros/jazzy/opt/gz_tools_vendor:/opt/ros/jazzy/opt/gz_ogre_next_vendor:/opt/ros/jazzy/opt/gz_dartsim_vendor:/opt/ros/jazzy/opt/gz_cmake_vendor
# environment
DEVECOSTUDIO_VM_OPTIONS = /home/redalexdad/Downloads/jetbra/vmoptions/devecostudio.vmoptions
# environment
GJS_DEBUG_OUTPUT = stderr
# environment
SNAP_LAUNCHER_ARCH_TRIPLET = x86_64-linux-gnu
# environment
VSCODE_CRASH_REPORTER_PROCESS_TYPE = extensionHost
# environment
VSCODE_CWD = /home/redalexdad
# environment
WINDOWPATH = 2
# environment
NVM_DIR = /home/redalexdad/.nvm
# default
MAKE_COMMAND := make
# environment
ROS_PYTHON_VERSION = 3
# environment
QT_ACCESSIBILITY = 1
# automatic
@D = $(patsubst %/,%,$(dir $@))
# environment
SNAP_INSTANCE_NAME = code
# environment
GDK_PIXBUF_MODULEDIR = /snap/code/206/usr/lib/x86_64-linux-gnu/gdk-pixbuf-2.0/2.10.0/loaders
# environment
STUDIO_VM_OPTIONS = /home/redalexdad/Downloads/jetbra/vmoptions/studio.vmoptions
# environment
VSCODE_HANDLES_UNCAUGHT_ERRORS = true
# default
.VARIABLES := 
# environment
PWD = /home/redalexdad/Papin
# automatic
%D = $(patsubst %/,%,$(dir $%))
# environment
GZ_CONFIG_PATH = /opt/ros/jazzy/opt/gz_sim_vendor/share/gz:/opt/ros/jazzy/opt/sdformat_vendor/share/gz:/opt/ros/jazzy/opt/gz_gui_vendor/share/gz:/opt/ros/jazzy/opt/gz_transport_vendor/share/gz:/opt/ros/jazzy/opt/gz_rendering_vendor/share/gz:/opt/ros/jazzy/opt/gz_plugin_vendor/share/gz:/opt/ros/jazzy/opt/gz_fuel_tools_vendor/share/gz:/opt/ros/jazzy/opt/gz_msgs_vendor/share/gz:/opt/ros/jazzy/opt/gz_common_vendor/share/gz
# environment
ROS_VERSION = 2
# environment
XDG_DATA_DIRS = /home/redalexdad/snap/code/206/.local/share:/home/redalexdad/snap/code/206:/snap/code/206/usr/share:/usr/share/ubuntu:/usr/share/gnome:/usr/local/share/:/usr/share/:/var/lib/snapd/desktop
# environment
SNAP_EUID = 1000
# automatic
^D = $(patsubst %/,%,$(dir $^))
# automatic
%F = $(notdir $%)
# environment
VSCODE_CODE_CACHE_PATH = /home/redalexdad/.config/Code/CachedData/f220831ea2d946c0dcb0f3eaa480eb435a2c1260
# environment
LANG = C
# environment
XAUTHORITY = /run/user/1000/gdm/Xauthority
# default
.LOADED := 
# default
.INCLUDE_DIRS = /usr/local/include /usr/include /usr/include
# environment
MEMORY_PRESSURE_WATCH = /sys/fs/cgroup/user.slice/user-1000.slice/user@1000.service/session.slice/org.gnome.Shell@x11.service/memory.pressure
# makefile
MAKEFLAGS = pqrR
# environment
GOLAND_VM_OPTIONS = /home/redalexdad/Downloads/jetbra/vmoptions/goland.vmoptions
# makefile
CURDIR := /home/redalexdad/Papin
# environment
APPLICATION_INSIGHTS_NO_DIAGNOSTIC_CHANNEL = true
# environment
LESSOPEN = | /usr/bin/lesspipe %s
# automatic
*D = $(patsubst %/,%,$(dir $*))
# environment
JETBRAINSCLIENT_VM_OPTIONS = /home/redalexdad/Downloads/jetbra/vmoptions/jetbrainsclient.vmoptions
# environment
MFLAGS = -pqrR
# environment
SSH_AUTH_SOCK = /run/user/1000/keyring/ssh
# default
.SHELLFLAGS := -c
# environment
XDG_CONFIG_DIRS = /etc/xdg/xdg-ubuntu:/etc/xdg
# automatic
+D = $(patsubst %/,%,$(dir $+))
# environment
XDG_SESSION_DESKTOP = ubuntu
# makefile
MAKEFILE_LIST := 
# automatic
@F = $(notdir $@)
# environment
VSCODE_PID = 9737
# environment
XDG_SESSION_TYPE = x11
# automatic
?D = $(patsubst %/,%,$(dir $?))
# environment
CLION_VM_OPTIONS = /home/redalexdad/Downloads/jetbra/vmoptions/clion.vmoptions
# environment
BAMF_DESKTOP_FILE_HINT = /var/lib/snapd/desktop/applications/code_code.desktop
# environment
XDG_DATA_HOME = /home/redalexdad/snap/code/206/.local/share
# environment
SESSION_MANAGER = local/redalexdad-Nitro-AN515-44:@/tmp/.ICE-unix/3781,unix/redalexdad-Nitro-AN515-44:/tmp/.ICE-unix/3781
# automatic
*F = $(notdir $*)
# environment
APPCODE_VM_OPTIONS = /home/redalexdad/Downloads/jetbra/vmoptions/appcode.vmoptions
# environment
CHROME_DESKTOP = code.desktop
# environment
DBUS_SESSION_BUS_ADDRESS = unix:path=/run/user/1000/bus
# automatic
<D = $(patsubst %/,%,$(dir $<))
# environment
VSCODE_NLS_CONFIG = {"userLocale":"en-us","osLocale":"ru-ru","resolvedLanguage":"en","defaultMessagesFile":"/snap/code/206/usr/share/code/resources/app/out/nls.messages.json","locale":"en-us","availableLanguages":{}}
# default
MAKE_HOST := x86_64-pc-linux-gnu
# environment
ROS_DISTRO = jazzy
# environment
GTK_PATH = /snap/code/206/usr/lib/x86_64-linux-gnu/gtk-3.0
# environment
GNOME_DESKTOP_SESSION_ID = this-is-deprecated
# makefile
SHELL = /bin/sh
# default
MAKECMDGOALS := all
# environment
XMODIFIERS = @im=ibus
# environment
LD_LIBRARY_PATH = /opt/ros/jazzy/opt/gz_sim_vendor/lib:/opt/ros/jazzy/opt/gz_sensors_vendor/lib:/opt/ros/jazzy/opt/gz_physics_vendor/lib:/opt/ros/jazzy/opt/sdformat_vendor/lib:/opt/ros/jazzy/opt/rviz_ogre_vendor/lib:/opt/ros/jazzy/lib/x86_64-linux-gnu:/opt/ros/jazzy/opt/gz_gui_vendor/lib:/opt/ros/jazzy/opt/gz_transport_vendor/lib:/opt/ros/jazzy/opt/gz_rendering_vendor/lib:/opt/ros/jazzy/opt/gz_plugin_vendor/lib:/opt/ros/jazzy/opt/gz_fuel_tools_vendor/lib:/opt/ros/jazzy/opt/gz_msgs_vendor/lib:/opt/ros/jazzy/opt/gz_common_vendor/lib:/opt/ros/jazzy/opt/gz_math_vendor/lib:/opt/ros/jazzy/opt/gz_utils_vendor/lib:/opt/ros/jazzy/opt/gz_tools_vendor/lib:/opt/ros/jazzy/opt/gz_ogre_next_vendor/lib:/opt/ros/jazzy/opt/gz_dartsim_vendor/lib:/opt/ros/jazzy/opt/gz_cmake_vendor/lib:/opt/ros/jazzy/lib:/usr/local/cuda-12.9/lib64:
# environment
DOTNET_BUNDLE_EXTRACT_BASE_DIR = /home/redalexdad/.cache/dotnet_bundle_extract
# environment
GJS_DEBUG_TOPICS = JS ERROR;JS LOG
# environment
SHLVL = 0
# environment
PHPSTORM_VM_OPTIONS = /home/redalexdad/Downloads/jetbra/vmoptions/phpstorm.vmoptions
# environment
RUBYMINE_VM_OPTIONS = /home/redalexdad/Downloads/jetbra/vmoptions/rubymine.vmoptions
# environment
MAKELEVEL := 0
# default
MAKE = $(MAKE_COMMAND)
 
# environment
GZ_SIM_RESOURCE_PATH = /opt/ros/jazzy/share
# environment
SNAP_COOKIE = rpGqubnDfO91M3tDGTqOHH0QBfz1MmKdZhanrbgpEEf-vhokm1mS
# environment
PATH = /home/redalexdad/.local/bin:/opt/ros/jazzy/opt/gz_msgs_vendor/bin:/opt/ros/jazzy/opt/gz_tools_vendor/bin:/opt/ros/jazzy/opt/gz_ogre_next_vendor/bin:/opt/ros/jazzy/bin:/usr/local/cuda-12.9/bin:/home/redalexdad/.cargo/bin:/home/redalexdad/.local/bin:/usr/local/sbin:/usr/local/bin:/usr/sbin:/usr/bin:/sbin:/bin:/usr/games:/usr/local/games:/snap/bin:/snap/bin:/home/redalexdad/.dotnet/tools:/home/redalexdad/.local/share/JetBrains/Toolbox/scripts:/usr/lib/dotnet:/home/redalexdad/.local/share/JetBrains/Toolbox/scripts
# default
MAKEFILES := 
# automatic
^F = $(notdir $^)
# environment
SNAP_USER_COMMON = /home/redalexdad/snap/code/common
# environment
WEBIDE_VM_OPTIONS = /home/redalexdad/Downloads/jetbra/vmoptions/webide.vmoptions
# environment
CLUTTER_DISABLE_MIPMAPPED_TEXT = 1
# environment
SNAP = /snap/code/206
# environment
PYCHARM_VM_OPTIONS = /home/redalexdad/Downloads/jetbra/vmoptions/pycharm.vmoptions
# environment
RIDER_VM_OPTIONS = /home/redalexdad/Downloads/jetbra/vmoptions/rider.vmoptions
# environment
IDEA_VM_OPTIONS = /home/redalexdad/Downloads/jetbra/vmoptions/idea.vmoptions
# environment
INVOCATION_ID = f8e50e0bf4d14114b8cadef004ec5979
# environment
SNAP_REVISION = 206
# environment
SNAP_REAL_HOME = /home/redalexdad
# environment
FONTCONFIG_FILE = /etc/fonts/fonts.conf
# environment
USERNAME = redalexdad
# environment
LESSCLOSE = /usr/bin/lesspipe %s %s
# automatic
?F = $(notdir $?)
# environment
GTK_IM_MODULE_FILE = /home/redalexdad/snap/code/common/.cache/immodules/immodules.cache
# environment
DATAGRIP_VM_OPTIONS = /home/redalexdad/Downloads/jetbra/vmoptions/datagrip.vmoptions
# environment
XDG_CURRENT_DESKTOP = Unity
# environment
WEBSTORM_VM_OPTIONS = /home/redalexdad/Downloads/jetbra/vmoptions/webstorm.vmoptions
# automatic
+F = $(notdir $+)
# environment
DESKTOP_SESSION = ubuntu
# environment
ORIGINAL_XDG_CURRENT_DESKTOP = ubuntu:GNOME
# environment
LOCPATH = /snap/code/206/usr/lib/locale
# 'override' directive
GNUMAKEFLAGS := 
# environment
DATASPELL_VM_OPTIONS = /home/redalexdad/Downloads/jetbra/vmoptions/dataspell.vmoptions
# environment
XDG_DATA_DIRS_VSCODE_SNAP_ORIG = /usr/share/ubuntu:/usr/share/gnome:/usr/local/share/:/usr/share/:/var/lib/snapd/desktop
# environment
LOGNAME = redalexdad
# environment
GIO_LAUNCHED_DESKTOP_FILE = /var/lib/snapd/desktop/applications/code_code.desktop
# environment
SNAP_ARCH = amd64
# makefile
.DEFAULT_GOAL := 
# environment
SYSTEMD_EXEC_PID = 3846
# environment
DISPLAY = :1
# environment
USER = redalexdad
# environment
GTK_MODULES = gail:atk-bridge
# default
MAKE_VERSION := 4.3
# environment
SNAP_DATA = /var/snap/code/206
# environment
SNAP_CONTEXT = rpGqubnDfO91M3tDGTqOHH0QBfz1MmKdZhanrbgpEEf-vhokm1mS
# environment
MANAGERPID = 3334
# environment
DEBUGINFOD_URLS = https://debuginfod.ubuntu.com 
# environment
GIO_LAUNCHED_DESKTOP_FILE_PID = 9677
# environment
ROS_AUTOMATIC_DISCOVERY_RANGE = SUBNET
# environment
PYTHONPATH = /opt/ros/jazzy/lib/python3.12/site-packages
# environment
JETBRAINS_CLIENT_VM_OPTIONS = /home/redalexdad/Downloads/jetbra/vmoptions/jetbrains_client.vmoptions
# environment
_ = /snap/code/206/usr/share/code/code
# environment
XDG_RUNTIME_DIR = /run/user/1000
# environment
GPG_AGENT_INFO = /run/user/1000/gnupg/S.gpg-agent:0:1
# environment
SNAP_UID = 1000
# environment
XDG_CONFIG_DIRS_VSCODE_SNAP_ORIG = /etc/xdg/xdg-ubuntu:/etc/xdg
# environment
GDK_PIXBUF_MODULE_FILE = /home/redalexdad/snap/code/common/.cache/gdk-pixbuf-loaders.cache
# environment
GIO_MODULE_DIR = /home/redalexdad/snap/code/common/.cache/gio-modules
# environment
JOURNAL_STREAM = 9:35880
# environment
XDG_SESSION_CLASS = user
# environment
GSM_SKIP_SSH_AGENT_WORKAROUND = true
# environment
HOME = /home/redalexdad
# environment
QT_IM_MODULE = ibus
# environment
ELECTRON_RUN_AS_NODE = 1
# environment
VSCODE_IPC_HOOK = /run/user/1000/vscode-9b9ee938-1.10-main.sock
# environment
GTK_EXE_PREFIX = /snap/code/206/usr
# environment
SNAP_NAME = code
# environment
GSETTINGS_SCHEMA_DIR = /home/redalexdad/snap/code/206/.local/share/glib-2.0/schemas
# default
.RECIPEPREFIX := 
# automatic
<F = $(notdir $<)
# environment
SNAP_VERSION = f220831e
# environment
LIBTORCH = /usr/local/libtorch
# default
SUFFIXES := 
# environment
VSCODE_CLI = 1
# environment
ELECTRON_NO_ATTACH_CONSOLE = 1
# environment
SNAP_COMMON = /var/snap/code/common
# default
.FEATURES := target-specific order-only second-expansion else-if shortest-stem undefine oneshell nocomment grouped-target extra-prereqs archives jobserver output-sync check-symlink load
# environment
GATEWAY_VM_OPTIONS = /home/redalexdad/Downloads/jetbra/vmoptions/gateway.vmoptions
# environment
QTWEBENGINE_DICTIONARIES_PATH = /usr/share/hunspell-bdic/
# environment
SNAP_USER_DATA = /home/redalexdad/snap/code/206
# environment
XDG_MENU_PREFIX = gnome-
# environment
DOTNET_ROOT = /usr/lib/dotnet
# environment
VSCODE_ESM_ENTRYPOINT = vs/workbench/api/node/extensionHostProcess
# environment
GDMSESSION = ubuntu
# environment
SNAP_LIBRARY_PATH = /var/lib/snapd/lib/gl:/var/lib/snapd/lib/gl32:/var/lib/snapd/void
# variable set hash-table stats:
# Load=161/1024=16%, Rehash=0, Collisions=7/188=4%

# Pattern-specific Variable Values

# No pattern-specific variable values.

# Directories

# . (device 2049, inode 48514111): 8 files, no impossibilities.

 
# 8 files, no impossibilities in 1 directories.

# Implicit Rules

# No implicit rules.

# Files

# Not a target:
Makefile:
#  Implicit rule search has been done.
#  File does not exist.
#  File has been updated.
#  Failed to be updated.

# Not a target:
.DEFAULT:
#  Implicit rule search has not been done.
#  Modification time never checked.
#  File has not been updated.

# Not a target:
all:
#  Command line target.
#  Implicit rule search has been done.
#  File does not exist.
#  File has not been updated.

# Not a target:
makefile:
#  Implicit rule search has been done.
#  File does not exist.
#  File has been updated.
#  Failed to be updated.

# Not a target:
GNUmakefile:
#  Implicit rule search has been done.
#  File does not exist.
#  File has been updated.
#  Failed to be updated.

# files hash-table stats:
# Load=6/1024=1%, Rehash=0, Collisions=0/15=0%
# VPATH Search Paths

# No 'vpath' search paths.

# No general ('VPATH' variable) search path.

# strcache buffers: 1 (0) / strings = 16 / storage = 133 B / avg = 8 B
# current buf: size = 8162 B / used = 133 B / count = 16 / avg = 8 B

# strcache performance: lookups = 19 / hit rate = 15%
# hash-table stats:
# Load=16/8192=0%, Rehash=0, Collisions=0/19=0%
# Finished Make data base on Wed Sep 24 16:30:09 2025

 
